Arguments: 
  /Users/vasyasemenov/.nvm/versions/node/v10.4.1/bin/node /usr/local/Cellar/yarn/1.19.0/libexec/bin/yarn.js

PATH: 
  /Library/Frameworks/Python.framework/Versions/3.6/bin:/Users/vasyasemenov/.nvm/versions/node/v10.4.1/bin:/Library/Frameworks/Python.framework/Versions/2.7/bin:/Users/vasyasemenov/.rvm/gems/ruby-2.2.3/bin:/Users/vasyasemenov/.rvm/gems/ruby-2.2.3@global/bin:/Users/vasyasemenov/.rvm/rubies/ruby-2.2.3/bin:/Users/vasyasemenov/bin:/usr/local/bin:/usr/local/bin:/usr/bin:/bin:/usr/sbin:/sbin:/usr/local/go/bin:/opt/X11/bin:/Users/vasyasemenov/.rvm/bin:~/workspace/test/arcanist/bin/:/Users/vasyasemenov/mongodb/bin

Yarn version: 
  1.19.0

Node version: 
  10.4.1

Platform: 
  darwin x64

Trace: 
  SyntaxError: /Users/vasyasemenov/workspace/OpenSource/expo-multiple-image-picker/package.json: Unexpected token } in JSON at position 1308
      at JSON.parse (<anonymous>)
      at /usr/local/Cellar/yarn/1.19.0/libexec/lib/cli.js:1625:59
      at Generator.next (<anonymous>)
      at step (/usr/local/Cellar/yarn/1.19.0/libexec/lib/cli.js:304:30)
      at /usr/local/Cellar/yarn/1.19.0/libexec/lib/cli.js:315:13

npm manifest: 
  {
    "name": "expo-multiple-image-picker",
    "version": "1.0.0",
    "description": "Multiple image selecting package for React Native using Expo FileSystem",
    "main": "index.js",
    "scripts": {
      "test": "echo \"Error: no test specified\" && exit 1"
    },
    "repository": {
      "type": "git",
      "url": "git+https://github.com/MonstroDev/expo-multiple-image-picker.git"
    },
    "keywords": [
      "Expo",
      "imagepicker",
      "multiple",
      "Reat",
      "Native"
    ],
    "author": "Semenov Vasyl <monstrodev@gmail.com>",
    "license": "ISC",
    "bugs": {
      "url": "https://github.com/MonstroDev/expo-multiple-image-picker/issues"
    },
    "homepage": "https://github.com/MonstroDev/expo-multiple-image-picker#readme",
    "dependencies": {
      "expo-file-system": "^8.0.0"
    },
    "peerDependencies": {
      "react-native": "*"
    },
    "devDependencies": {
      "babel-eslint": "^10.0.1",
      "babel-preset-expo": "^5.0.0",
      "eslint": "^5.16.0",
      "eslint-config-standard": "^12.0.0",
      "eslint-config-standard-jsx": "^6.0.2",
      "eslint-config-standard-react": "^7.0.2",
      "eslint-plugin-import": "^2.17.2",
      "eslint-plugin-jsx-a11y": "^6.2.1",
      "eslint-plugin-node": "^8.0.1",
      "eslint-plugin-promise": "^4.1.1",
      "eslint-plugin-react": "^7.12.4",
      "eslint-plugin-standard": "^4.0.0"
    },
  }

yarn manifest: 
  No manifest

Lockfile: 
  # THIS IS AN AUTOGENERATED FILE. DO NOT EDIT THIS FILE DIRECTLY.
  # yarn lockfile v1
  
  
  expo-file-system@^8.0.0:
    version "8.0.0"
    resolved "https://registry.yarnpkg.com/expo-file-system/-/expo-file-system-8.0.0.tgz#60b90c8a375308dc85922592a77531a8e0cde6f7"
    integrity sha512-mi84jt3EHVUfxu5eGOikNuRDi7+5daCFSP9LVgk5aQz8Oepo143vnH/+WE4lQEg+u8dB6EmmCWncyc2Fklxv7A==
    dependencies:
      uuid-js "^0.7.5"
  
  uuid-js@^0.7.5:
    version "0.7.5"
    resolved "https://registry.yarnpkg.com/uuid-js/-/uuid-js-0.7.5.tgz#6c886d02a53d2d40dcf25d91a170b4a7b25b94d0"
    integrity sha1-bIhtAqU9LUDc8l2RoXC0p7JblNA=
